<?xml version="1.0" encoding="UTF-8"?>
<!-- Generated by org.testng.reporters.JUnitReportReporter -->
<testsuite hostname="LAPTOP-UF6317RE" failures="3" tests="3" name="MyTestRunners.FailedRun" time="8.989" errors="0" timestamp="2025-04-15T22:02:04 IST" skipped="0">
  <testcase classname="MyTestRunners.FailedRun" name="runScenario" time="2.600">
    <failure type="junit.framework.AssertionFailedError">
      <![CDATA[junit.framework.AssertionFailedError
at junit.framework.Assert.fail(Assert.java:55)
at junit.framework.Assert.assertTrue(Assert.java:22)
at junit.framework.Assert.assertTrue(Assert.java:31)
at stepDefination.LoginSteps.page_title_should_be(LoginSteps.java:29)
at ✽.page title should be "Swag Labs1"(file:///C:/Users/guduguntla%20anil/eclipse-workspace/CucumberProjectParallel/src/test/resources/Features/LoginPage.feature:6)
]]>
    </failure>
  </testcase> <!-- runScenario -->
  <testcase classname="MyTestRunners.FailedRun" name="runScenario" time="2.828">
    <failure type="junit.framework.AssertionFailedError">
      <![CDATA[junit.framework.AssertionFailedError
at junit.framework.Assert.fail(Assert.java:55)
at junit.framework.Assert.assertTrue(Assert.java:22)
at junit.framework.Assert.assertTrue(Assert.java:31)
at stepDefination.LoginSteps.page_url_contains(LoginSteps.java:58)
at ✽.page url contains "/inventory.html"(file:///C:/Users/guduguntla%20anil/eclipse-workspace/CucumberProjectParallel/src/test/resources/Features/LoginPage.feature:17)
]]>
    </failure>
  </testcase> <!-- runScenario -->
  <testcase classname="MyTestRunners.FailedRun" name="runScenario" time="3.561">
    <failure type="junit.framework.AssertionFailedError">
      <![CDATA[junit.framework.AssertionFailedError
at junit.framework.Assert.fail(Assert.java:55)
at junit.framework.Assert.assertTrue(Assert.java:22)
at junit.framework.Assert.assertTrue(Assert.java:31)
at stepDefination.LoginSteps.page_title_should_be(LoginSteps.java:29)
at ✽.page title should be "Swag Labs11"(file:///C:/Users/guduguntla%20anil/eclipse-workspace/CucumberProjectParallel/src/test/resources/Features/Home.feature:12)
]]>
    </failure>
  </testcase> <!-- runScenario -->
</testsuite> <!-- MyTestRunners.FailedRun -->
